<?xml version="1.0" encoding="UTF-8"?>
<!-- Generated by org.testng.reporters.JUnitXMLReporter -->
<testsuite ignored="0" hostname="250G7SSD-8TH" failures="0" tests="4" name="Default test" time="10.267" errors="0" timestamp="2024-03-26T12:41:42 IST">
  <testcase classname="api.test.UserTests" name="testPostUser" time="3.623"/>
  <testcase classname="api.test.UserTests" name="testGetUser" time="1.698"/>
  <testcase classname="api.test.UserTests" name="testPutUser" time="3.188"/>
  <testcase classname="api.test.UserTests" name="testDeleteUser" time="1.501"/>
</testsuite> <!-- Default test -->
