<?xml version="1.0" encoding="UTF-8"?>
<!-- Generated by org.testng.reporters.JUnitXMLReporter -->
<testsuite ignored="0" hostname="250G7SSD-8TH" failures="0" tests="4" name="Test" time="19.351" errors="0" timestamp="2024-03-26T15:57:40 IST">
  <testcase classname="api.test.UserTests" name="testPostUser" time="7.764"/>
  <testcase classname="api.test.UserTests" name="testGetUser" time="2.196"/>
  <testcase classname="api.test.UserTests" name="testPutUser" time="6.393"/>
  <testcase classname="api.test.UserTests" name="testDeleteUser" time="2.109"/>
</testsuite> <!-- Test -->
