<?xml version="1.0" encoding="UTF-8"?>
<testng-results ignored="0" total="4" passed="4" failed="0" skipped="0">
  <reporter-output>
  </reporter-output>
  <suite started-at="2024-03-26T15:57:21 IST" name="Suite" finished-at="2024-03-26T15:57:40 IST" duration-ms="19351">
    <groups>
    </groups>
    <test started-at="2024-03-26T15:57:21 IST" name="Test" finished-at="2024-03-26T15:57:40 IST" duration-ms="19351">
      <class name="api.test.UserTests">
        <test-method is-config="true" signature="setupData()[pri:0, instance:api.test.UserTests@6fe7aac8]" started-at="2024-03-26T15:57:21 IST" name="setupData" finished-at="2024-03-26T15:57:22 IST" duration-ms="795" status="PASS">
          <reporter-output>
          </reporter-output>
        </test-method> <!-- setupData -->
        <test-method signature="testPostUser()[pri:1, instance:api.test.UserTests@6fe7aac8]" started-at="2024-03-26T15:57:22 IST" name="testPostUser" finished-at="2024-03-26T15:57:30 IST" duration-ms="7764" status="PASS">
          <reporter-output>
          </reporter-output>
        </test-method> <!-- testPostUser -->
        <test-method signature="testGetUser()[pri:2, instance:api.test.UserTests@6fe7aac8]" started-at="2024-03-26T15:57:30 IST" name="testGetUser" finished-at="2024-03-26T15:57:32 IST" duration-ms="2196" status="PASS">
          <reporter-output>
          </reporter-output>
        </test-method> <!-- testGetUser -->
        <test-method signature="testPutUser()[pri:3, instance:api.test.UserTests@6fe7aac8]" started-at="2024-03-26T15:57:32 IST" name="testPutUser" finished-at="2024-03-26T15:57:38 IST" duration-ms="6393" status="PASS">
          <reporter-output>
          </reporter-output>
        </test-method> <!-- testPutUser -->
        <test-method signature="testDeleteUser()[pri:4, instance:api.test.UserTests@6fe7aac8]" started-at="2024-03-26T15:57:38 IST" name="testDeleteUser" finished-at="2024-03-26T15:57:40 IST" duration-ms="2109" status="PASS">
          <reporter-output>
          </reporter-output>
        </test-method> <!-- testDeleteUser -->
      </class> <!-- api.test.UserTests -->
    </test> <!-- Test -->
  </suite> <!-- Suite -->
</testng-results>
