<?xml version="1.0" encoding="UTF-8"?>
<testsuite xmlns:xsi="http://www.w3.org/2001/XMLSchema-instance" xsi:noNamespaceSchemaLocation="https://maven.apache.org/surefire/maven-surefire-plugin/xsd/surefire-test-report.xsd" name="TestSuite" time="20.943" tests="4" errors="0" skipped="0" failures="0">
  <properties>
[...]
</properties>
  <testcase name="testPostUser" classname="api.test.UserTests" time="7.77"/>
  <testcase name="testGetUser" classname="api.test.UserTests" time="2.198"/>
  <testcase name="testPutUser" classname="api.test.UserTests" time="6.394"/>
  <testcase name="testDeleteUser" classname="api.test.UserTests" time="2.111"/>
</testsuite>