<?xml version="1.0" encoding="UTF-8"?>
<testng-results ignored="0" total="4" passed="4" failed="0" skipped="0">
  <reporter-output>
  </reporter-output>
  <suite started-at="2024-03-26T13:09:43 IST" name="Suite" finished-at="2024-03-26T13:09:54 IST" duration-ms="11091">
    <groups>
    </groups>
    <test started-at="2024-03-26T13:09:43 IST" name="Test" finished-at="2024-03-26T13:09:54 IST" duration-ms="11091">
      <class name="api.test.UserTests">
        <test-method is-config="true" signature="setupData()[pri:0, instance:api.test.UserTests@5b1669c0]" started-at="2024-03-26T13:09:43 IST" name="setupData" finished-at="2024-03-26T13:09:43 IST" duration-ms="204" status="PASS">
          <reporter-output>
          </reporter-output>
        </test-method> <!-- setupData -->
        <test-method signature="testPostUser()[pri:1, instance:api.test.UserTests@5b1669c0]" started-at="2024-03-26T13:09:43 IST" name="testPostUser" finished-at="2024-03-26T13:09:47 IST" duration-ms="4520" status="PASS">
          <reporter-output>
          </reporter-output>
        </test-method> <!-- testPostUser -->
        <test-method signature="testGetUser()[pri:2, instance:api.test.UserTests@5b1669c0]" started-at="2024-03-26T13:09:47 IST" name="testGetUser" finished-at="2024-03-26T13:09:49 IST" duration-ms="1686" status="PASS">
          <reporter-output>
          </reporter-output>
        </test-method> <!-- testGetUser -->
        <test-method signature="testPutUser()[pri:3, instance:api.test.UserTests@5b1669c0]" started-at="2024-03-26T13:09:49 IST" name="testPutUser" finished-at="2024-03-26T13:09:52 IST" duration-ms="3071" status="PASS">
          <reporter-output>
          </reporter-output>
        </test-method> <!-- testPutUser -->
        <test-method signature="testDeleteUser()[pri:4, instance:api.test.UserTests@5b1669c0]" started-at="2024-03-26T13:09:52 IST" name="testDeleteUser" finished-at="2024-03-26T13:09:54 IST" duration-ms="1551" status="PASS">
          <reporter-output>
          </reporter-output>
        </test-method> <!-- testDeleteUser -->
      </class> <!-- api.test.UserTests -->
    </test> <!-- Test -->
  </suite> <!-- Suite -->
</testng-results>
